[1.066s] Invoking command in '/home/user/exercises_ws/src/my_robot_controller': PYTHONPATH=/home/user/exercises_ws/src/build/my_robot_controller/prefix_override:/usr/lib/python3/dist-packages/colcon_core/task/python/colcon_distutils_commands:/home/user/exercises_ws/src/install/my_robot_controller/lib/python3.10/site-packages:${PYTHONPATH} /usr/bin/python3 -W ignore:setup.py install is deprecated -W ignore:easy_install command is deprecated setup.py egg_info --egg-base ../build/my_robot_controller build --build-base /home/user/exercises_ws/src/build/my_robot_controller/build install --record /home/user/exercises_ws/src/build/my_robot_controller/install.log --single-version-externally-managed install_data
[1.369s] running egg_info
[1.370s] writing ../build/my_robot_controller/my_robot_controller.egg-info/PKG-INFO
[1.370s] writing dependency_links to ../build/my_robot_controller/my_robot_controller.egg-info/dependency_links.txt
[1.370s] writing entry points to ../build/my_robot_controller/my_robot_controller.egg-info/entry_points.txt
[1.371s] writing requirements to ../build/my_robot_controller/my_robot_controller.egg-info/requires.txt
[1.371s] writing top-level names to ../build/my_robot_controller/my_robot_controller.egg-info/top_level.txt
[1.373s] reading manifest file '../build/my_robot_controller/my_robot_controller.egg-info/SOURCES.txt'
[1.375s] writing manifest file '../build/my_robot_controller/my_robot_controller.egg-info/SOURCES.txt'
[1.375s] running build
[1.375s] running build_py
[1.375s] running install
[1.376s] running install_lib
[1.378s] running install_data
[1.378s] running install_egg_info
[1.381s] removing '/home/user/exercises_ws/src/install/my_robot_controller/lib/python3.10/site-packages/my_robot_controller-0.0.0-py3.10.egg-info' (and everything under it)
[1.382s] Copying ../build/my_robot_controller/my_robot_controller.egg-info to /home/user/exercises_ws/src/install/my_robot_controller/lib/python3.10/site-packages/my_robot_controller-0.0.0-py3.10.egg-info
[1.384s] running install_scripts
[1.419s] Installing test_node script to /home/user/exercises_ws/src/install/my_robot_controller/lib/my_robot_controller
[1.420s] writing list of installed files to '/home/user/exercises_ws/src/build/my_robot_controller/install.log'
[1.459s] Invoked command in '/home/user/exercises_ws/src/my_robot_controller' returned '0': PYTHONPATH=/home/user/exercises_ws/src/build/my_robot_controller/prefix_override:/usr/lib/python3/dist-packages/colcon_core/task/python/colcon_distutils_commands:/home/user/exercises_ws/src/install/my_robot_controller/lib/python3.10/site-packages:${PYTHONPATH} /usr/bin/python3 -W ignore:setup.py install is deprecated -W ignore:easy_install command is deprecated setup.py egg_info --egg-base ../build/my_robot_controller build --build-base /home/user/exercises_ws/src/build/my_robot_controller/build install --record /home/user/exercises_ws/src/build/my_robot_controller/install.log --single-version-externally-managed install_data
