running egg_info
creating ../build/ros2_exercises/ros2_exercises.egg-info
writing ../build/ros2_exercises/ros2_exercises.egg-info/PKG-INFO
writing dependency_links to ../build/ros2_exercises/ros2_exercises.egg-info/dependency_links.txt
writing entry points to ../build/ros2_exercises/ros2_exercises.egg-info/entry_points.txt
writing requirements to ../build/ros2_exercises/ros2_exercises.egg-info/requires.txt
writing top-level names to ../build/ros2_exercises/ros2_exercises.egg-info/top_level.txt
writing manifest file '../build/ros2_exercises/ros2_exercises.egg-info/SOURCES.txt'
reading manifest file '../build/ros2_exercises/ros2_exercises.egg-info/SOURCES.txt'
writing manifest file '../build/ros2_exercises/ros2_exercises.egg-info/SOURCES.txt'
running build
running build_py
creating /home/user/exercises_ws/src/build/ros2_exercises/build
creating /home/user/exercises_ws/src/build/ros2_exercises/build/lib
creating /home/user/exercises_ws/src/build/ros2_exercises/build/lib/ros2_exercises
copying ros2_exercises/odometry_publisher.py -> /home/user/exercises_ws/src/build/ros2_exercises/build/lib/ros2_exercises
copying ros2_exercises/__init__.py -> /home/user/exercises_ws/src/build/ros2_exercises/build/lib/ros2_exercises
running install
running install_lib
creating /home/user/exercises_ws/src/install/ros2_exercises/lib/python3.10/site-packages/ros2_exercises
copying /home/user/exercises_ws/src/build/ros2_exercises/build/lib/ros2_exercises/odometry_publisher.py -> /home/user/exercises_ws/src/install/ros2_exercises/lib/python3.10/site-packages/ros2_exercises
copying /home/user/exercises_ws/src/build/ros2_exercises/build/lib/ros2_exercises/__init__.py -> /home/user/exercises_ws/src/install/ros2_exercises/lib/python3.10/site-packages/ros2_exercises
byte-compiling /home/user/exercises_ws/src/install/ros2_exercises/lib/python3.10/site-packages/ros2_exercises/odometry_publisher.py to odometry_publisher.cpython-310.pyc
byte-compiling /home/user/exercises_ws/src/install/ros2_exercises/lib/python3.10/site-packages/ros2_exercises/__init__.py to __init__.cpython-310.pyc
running install_data
creating /home/user/exercises_ws/src/install/ros2_exercises/share/ament_index
creating /home/user/exercises_ws/src/install/ros2_exercises/share/ament_index/resource_index
creating /home/user/exercises_ws/src/install/ros2_exercises/share/ament_index/resource_index/packages
copying resource/ros2_exercises -> /home/user/exercises_ws/src/install/ros2_exercises/share/ament_index/resource_index/packages
copying package.xml -> /home/user/exercises_ws/src/install/ros2_exercises/share/ros2_exercises
running install_egg_info
Copying ../build/ros2_exercises/ros2_exercises.egg-info to /home/user/exercises_ws/src/install/ros2_exercises/lib/python3.10/site-packages/ros2_exercises-0.0.0-py3.10.egg-info
running install_scripts
Installing odometry_publisher script to /home/user/exercises_ws/src/install/ros2_exercises/lib/ros2_exercises
writing list of installed files to '/home/user/exercises_ws/src/build/ros2_exercises/install.log'
