[1.096s] Invoking command in '/home/user/exercises_ws/src/ros2_exercises': PYTHONPATH=/home/user/exercises_ws/src/build/ros2_exercises/prefix_override:/usr/lib/python3/dist-packages/colcon_core/task/python/colcon_distutils_commands:/home/user/exercises_ws/src/install/ros2_exercises/lib/python3.10/site-packages:${PYTHONPATH} /usr/bin/python3 -W ignore:setup.py install is deprecated -W ignore:easy_install command is deprecated setup.py egg_info --egg-base ../build/ros2_exercises build --build-base /home/user/exercises_ws/src/build/ros2_exercises/build install --record /home/user/exercises_ws/src/build/ros2_exercises/install.log --single-version-externally-managed install_data
[1.377s] running egg_info
[1.378s] creating ../build/ros2_exercises/ros2_exercises.egg-info
[1.378s] writing ../build/ros2_exercises/ros2_exercises.egg-info/PKG-INFO
[1.378s] writing dependency_links to ../build/ros2_exercises/ros2_exercises.egg-info/dependency_links.txt
[1.378s] writing entry points to ../build/ros2_exercises/ros2_exercises.egg-info/entry_points.txt
[1.378s] writing requirements to ../build/ros2_exercises/ros2_exercises.egg-info/requires.txt
[1.378s] writing top-level names to ../build/ros2_exercises/ros2_exercises.egg-info/top_level.txt
[1.379s] writing manifest file '../build/ros2_exercises/ros2_exercises.egg-info/SOURCES.txt'
[1.381s] reading manifest file '../build/ros2_exercises/ros2_exercises.egg-info/SOURCES.txt'
[1.382s] writing manifest file '../build/ros2_exercises/ros2_exercises.egg-info/SOURCES.txt'
[1.382s] running build
[1.382s] running build_py
[1.382s] creating /home/user/exercises_ws/src/build/ros2_exercises/build
[1.382s] creating /home/user/exercises_ws/src/build/ros2_exercises/build/lib
[1.382s] creating /home/user/exercises_ws/src/build/ros2_exercises/build/lib/ros2_exercises
[1.383s] copying ros2_exercises/odometry_publisher.py -> /home/user/exercises_ws/src/build/ros2_exercises/build/lib/ros2_exercises
[1.383s] copying ros2_exercises/__init__.py -> /home/user/exercises_ws/src/build/ros2_exercises/build/lib/ros2_exercises
[1.383s] running install
[1.383s] running install_lib
[1.384s] creating /home/user/exercises_ws/src/install/ros2_exercises/lib/python3.10/site-packages/ros2_exercises
[1.384s] copying /home/user/exercises_ws/src/build/ros2_exercises/build/lib/ros2_exercises/odometry_publisher.py -> /home/user/exercises_ws/src/install/ros2_exercises/lib/python3.10/site-packages/ros2_exercises
[1.384s] copying /home/user/exercises_ws/src/build/ros2_exercises/build/lib/ros2_exercises/__init__.py -> /home/user/exercises_ws/src/install/ros2_exercises/lib/python3.10/site-packages/ros2_exercises
[1.385s] byte-compiling /home/user/exercises_ws/src/install/ros2_exercises/lib/python3.10/site-packages/ros2_exercises/odometry_publisher.py to odometry_publisher.cpython-310.pyc
[1.385s] Sorry: IndentationError: expected an indented block after function definition on line 36 (odometry_publisher.py, line 66)
[1.385s] byte-compiling /home/user/exercises_ws/src/install/ros2_exercises/lib/python3.10/site-packages/ros2_exercises/__init__.py to __init__.cpython-310.pyc
[1.385s] running install_data
[1.386s] creating /home/user/exercises_ws/src/install/ros2_exercises/share/ament_index
[1.386s] creating /home/user/exercises_ws/src/install/ros2_exercises/share/ament_index/resource_index
[1.386s] creating /home/user/exercises_ws/src/install/ros2_exercises/share/ament_index/resource_index/packages
[1.386s] copying resource/ros2_exercises -> /home/user/exercises_ws/src/install/ros2_exercises/share/ament_index/resource_index/packages
[1.386s] copying package.xml -> /home/user/exercises_ws/src/install/ros2_exercises/share/ros2_exercises
[1.386s] running install_egg_info
[1.388s] Copying ../build/ros2_exercises/ros2_exercises.egg-info to /home/user/exercises_ws/src/install/ros2_exercises/lib/python3.10/site-packages/ros2_exercises-0.0.0-py3.10.egg-info
[1.389s] running install_scripts
[1.416s] Installing odometry_publisher script to /home/user/exercises_ws/src/install/ros2_exercises/lib/ros2_exercises
[1.417s] writing list of installed files to '/home/user/exercises_ws/src/build/ros2_exercises/install.log'
[1.449s] Invoked command in '/home/user/exercises_ws/src/ros2_exercises' returned '0': PYTHONPATH=/home/user/exercises_ws/src/build/ros2_exercises/prefix_override:/usr/lib/python3/dist-packages/colcon_core/task/python/colcon_distutils_commands:/home/user/exercises_ws/src/install/ros2_exercises/lib/python3.10/site-packages:${PYTHONPATH} /usr/bin/python3 -W ignore:setup.py install is deprecated -W ignore:easy_install command is deprecated setup.py egg_info --egg-base ../build/ros2_exercises build --build-base /home/user/exercises_ws/src/build/ros2_exercises/build install --record /home/user/exercises_ws/src/build/ros2_exercises/install.log --single-version-externally-managed install_data
