[1.070s] Invoking command in '/home/user/exercises_ws/src/my_robot_controller': PYTHONPATH=/home/user/exercises_ws/src/build/my_robot_controller/prefix_override:/usr/lib/python3/dist-packages/colcon_core/task/python/colcon_distutils_commands:/home/user/exercises_ws/src/install/my_robot_controller/lib/python3.10/site-packages:${PYTHONPATH} /usr/bin/python3 -W ignore:setup.py install is deprecated -W ignore:easy_install command is deprecated setup.py egg_info --egg-base ../build/my_robot_controller build --build-base /home/user/exercises_ws/src/build/my_robot_controller/build install --record /home/user/exercises_ws/src/build/my_robot_controller/install.log --single-version-externally-managed install_data
[1.338s] running egg_info
[1.339s] writing ../build/my_robot_controller/my_robot_controller.egg-info/PKG-INFO
[1.340s] writing dependency_links to ../build/my_robot_controller/my_robot_controller.egg-info/dependency_links.txt
[1.340s] writing entry points to ../build/my_robot_controller/my_robot_controller.egg-info/entry_points.txt
[1.340s] writing requirements to ../build/my_robot_controller/my_robot_controller.egg-info/requires.txt
[1.349s] writing top-level names to ../build/my_robot_controller/my_robot_controller.egg-info/top_level.txt
[1.353s] reading manifest file '../build/my_robot_controller/my_robot_controller.egg-info/SOURCES.txt'
[1.355s] writing manifest file '../build/my_robot_controller/my_robot_controller.egg-info/SOURCES.txt'
[1.355s] running build
[1.355s] running build_py
[1.355s] running install
[1.356s] running install_lib
[1.358s] running install_data
[1.358s] running install_egg_info
[1.361s] removing '/home/user/exercises_ws/src/install/my_robot_controller/lib/python3.10/site-packages/my_robot_controller-0.0.0-py3.10.egg-info' (and everything under it)
[1.361s] Copying ../build/my_robot_controller/my_robot_controller.egg-info to /home/user/exercises_ws/src/install/my_robot_controller/lib/python3.10/site-packages/my_robot_controller-0.0.0-py3.10.egg-info
[1.362s] running install_scripts
[1.390s] writing list of installed files to '/home/user/exercises_ws/src/build/my_robot_controller/install.log'
[1.441s] Invoked command in '/home/user/exercises_ws/src/my_robot_controller' returned '0': PYTHONPATH=/home/user/exercises_ws/src/build/my_robot_controller/prefix_override:/usr/lib/python3/dist-packages/colcon_core/task/python/colcon_distutils_commands:/home/user/exercises_ws/src/install/my_robot_controller/lib/python3.10/site-packages:${PYTHONPATH} /usr/bin/python3 -W ignore:setup.py install is deprecated -W ignore:easy_install command is deprecated setup.py egg_info --egg-base ../build/my_robot_controller build --build-base /home/user/exercises_ws/src/build/my_robot_controller/build install --record /home/user/exercises_ws/src/build/my_robot_controller/install.log --single-version-externally-managed install_data
