[1.255s] Invoking command in '/home/user/exercises_ws/src/my_robot_controller': PYTHONPATH=/home/user/exercises_ws/src/build/my_robot_controller/prefix_override:/usr/lib/python3/dist-packages/colcon_core/task/python/colcon_distutils_commands:/home/user/exercises_ws/src/install/my_robot_controller/lib/python3.10/site-packages:${PYTHONPATH} /usr/bin/python3 -W ignore:setup.py install is deprecated -W ignore:easy_install command is deprecated setup.py egg_info --egg-base ../build/my_robot_controller build --build-base /home/user/exercises_ws/src/build/my_robot_controller/build install --record /home/user/exercises_ws/src/build/my_robot_controller/install.log --single-version-externally-managed install_data
[1.553s] running egg_info
[1.554s] writing ../build/my_robot_controller/my_robot_controller.egg-info/PKG-INFO
[1.555s] writing dependency_links to ../build/my_robot_controller/my_robot_controller.egg-info/dependency_links.txt
[1.556s] writing entry points to ../build/my_robot_controller/my_robot_controller.egg-info/entry_points.txt
[1.556s] writing requirements to ../build/my_robot_controller/my_robot_controller.egg-info/requires.txt
[1.556s] writing top-level names to ../build/my_robot_controller/my_robot_controller.egg-info/top_level.txt
[1.559s] reading manifest file '../build/my_robot_controller/my_robot_controller.egg-info/SOURCES.txt'
[1.560s] writing manifest file '../build/my_robot_controller/my_robot_controller.egg-info/SOURCES.txt'
[1.560s] running build
[1.560s] running build_py
[1.561s] copying my_robot_controller/my_first_node.py -> /home/user/exercises_ws/src/build/my_robot_controller/build/lib/my_robot_controller
[1.561s] running install
[1.561s] running install_lib
[1.563s] copying /home/user/exercises_ws/src/build/my_robot_controller/build/lib/my_robot_controller/my_first_node.py -> /home/user/exercises_ws/src/install/my_robot_controller/lib/python3.10/site-packages/my_robot_controller
[1.563s] byte-compiling /home/user/exercises_ws/src/install/my_robot_controller/lib/python3.10/site-packages/my_robot_controller/my_first_node.py to my_first_node.cpython-310.pyc
[1.564s] running install_data
[1.564s] running install_egg_info
[1.567s] removing '/home/user/exercises_ws/src/install/my_robot_controller/lib/python3.10/site-packages/my_robot_controller-0.0.0-py3.10.egg-info' (and everything under it)
[1.567s] Copying ../build/my_robot_controller/my_robot_controller.egg-info to /home/user/exercises_ws/src/install/my_robot_controller/lib/python3.10/site-packages/my_robot_controller-0.0.0-py3.10.egg-info
[1.568s] running install_scripts
[1.598s] Installing test_node script to /home/user/exercises_ws/src/install/my_robot_controller/lib/my_robot_controller
[1.598s] writing list of installed files to '/home/user/exercises_ws/src/build/my_robot_controller/install.log'
[1.672s] Invoked command in '/home/user/exercises_ws/src/my_robot_controller' returned '0': PYTHONPATH=/home/user/exercises_ws/src/build/my_robot_controller/prefix_override:/usr/lib/python3/dist-packages/colcon_core/task/python/colcon_distutils_commands:/home/user/exercises_ws/src/install/my_robot_controller/lib/python3.10/site-packages:${PYTHONPATH} /usr/bin/python3 -W ignore:setup.py install is deprecated -W ignore:easy_install command is deprecated setup.py egg_info --egg-base ../build/my_robot_controller build --build-base /home/user/exercises_ws/src/build/my_robot_controller/build install --record /home/user/exercises_ws/src/build/my_robot_controller/install.log --single-version-externally-managed install_data
