[1.042s] Invoking command in '/home/user/exercises_ws/src/ros2_exercises': PYTHONPATH=/home/user/exercises_ws/src/build/ros2_exercises/prefix_override:/usr/lib/python3/dist-packages/colcon_core/task/python/colcon_distutils_commands:/home/user/exercises_ws/src/install/ros2_exercises/lib/python3.10/site-packages:${PYTHONPATH} /usr/bin/python3 -W ignore:setup.py install is deprecated -W ignore:easy_install command is deprecated setup.py egg_info --egg-base ../build/ros2_exercises build --build-base /home/user/exercises_ws/src/build/ros2_exercises/build install --record /home/user/exercises_ws/src/build/ros2_exercises/install.log --single-version-externally-managed install_data
[1.324s] running egg_info
[1.325s] writing ../build/ros2_exercises/ros2_exercises.egg-info/PKG-INFO
[1.325s] writing dependency_links to ../build/ros2_exercises/ros2_exercises.egg-info/dependency_links.txt
[1.325s] writing entry points to ../build/ros2_exercises/ros2_exercises.egg-info/entry_points.txt
[1.325s] writing requirements to ../build/ros2_exercises/ros2_exercises.egg-info/requires.txt
[1.326s] writing top-level names to ../build/ros2_exercises/ros2_exercises.egg-info/top_level.txt
[1.328s] reading manifest file '../build/ros2_exercises/ros2_exercises.egg-info/SOURCES.txt'
[1.329s] writing manifest file '../build/ros2_exercises/ros2_exercises.egg-info/SOURCES.txt'
[1.337s] running build
[1.337s] running build_py
[1.337s] copying ros2_exercises/odometry_publisher.py -> /home/user/exercises_ws/src/build/ros2_exercises/build/lib/ros2_exercises
[1.338s] running install
[1.338s] running install_lib
[1.340s] copying /home/user/exercises_ws/src/build/ros2_exercises/build/lib/ros2_exercises/odometry_publisher.py -> /home/user/exercises_ws/src/install/ros2_exercises/lib/python3.10/site-packages/ros2_exercises
[1.341s] byte-compiling /home/user/exercises_ws/src/install/ros2_exercises/lib/python3.10/site-packages/ros2_exercises/odometry_publisher.py to odometry_publisher.cpython-310.pyc
[1.342s] running install_data
[1.342s] running install_egg_info
[1.344s] removing '/home/user/exercises_ws/src/install/ros2_exercises/lib/python3.10/site-packages/ros2_exercises-0.0.0-py3.10.egg-info' (and everything under it)
[1.345s] Copying ../build/ros2_exercises/ros2_exercises.egg-info to /home/user/exercises_ws/src/install/ros2_exercises/lib/python3.10/site-packages/ros2_exercises-0.0.0-py3.10.egg-info
[1.345s] running install_scripts
[1.373s] Installing odometry_publisher script to /home/user/exercises_ws/src/install/ros2_exercises/lib/ros2_exercises
[1.374s] writing list of installed files to '/home/user/exercises_ws/src/build/ros2_exercises/install.log'
[1.411s] Invoked command in '/home/user/exercises_ws/src/ros2_exercises' returned '0': PYTHONPATH=/home/user/exercises_ws/src/build/ros2_exercises/prefix_override:/usr/lib/python3/dist-packages/colcon_core/task/python/colcon_distutils_commands:/home/user/exercises_ws/src/install/ros2_exercises/lib/python3.10/site-packages:${PYTHONPATH} /usr/bin/python3 -W ignore:setup.py install is deprecated -W ignore:easy_install command is deprecated setup.py egg_info --egg-base ../build/ros2_exercises build --build-base /home/user/exercises_ws/src/build/ros2_exercises/build install --record /home/user/exercises_ws/src/build/ros2_exercises/install.log --single-version-externally-managed install_data
